# JRE version: OpenJDK Runtime Environment Temurin-17.0.9+9 (17.0.9+9) (build 17.0.9+9)
# Java VM: OpenJDK 64-Bit Server VM Temurin-17.0.9+9 (17.0.9+9, mixed mode, tiered, compressed oops, compressed class ptrs, parallel gc, linux-amd64)
GC Precious Log:
 CPUs: 4 total, 4 available
 Memory: 3825M
 Large Page Support: Disabled
 NUMA Support: Disabled
 Compressed Oops: Enabled (32-bit)
 Alignments: Space 512K, Generation 512K, Heap 2M
 Heap Min Capacity: 100M
 Heap Initial Capacity: 100M
 Heap Max Capacity: 1G
 Pre-touch: Disabled
 Parallel Workers: 4
Heap:
 PSYoungGen      total 25600K, used 25578K [0x00000000eab00000, 0x00000000ed380000, 0x0000000100000000)
  eden space 18944K, 100% used [0x00000000eab00000,0x00000000ebd80000,0x00000000ebd80000)
  from space 6656K, 99% used [0x00000000ec700000,0x00000000ecd7ab40,0x00000000ecd80000)
  to   space 9728K, 50% used [0x00000000ebd80000,0x00000000ec244008,0x00000000ec700000)
 ParOldGen       total 312832K, used 247387K [0x00000000c0000000, 0x00000000d3180000, 0x00000000eab00000)
  object space 312832K, 79% used [0x00000000c0000000,0x00000000cf196ec0,0x00000000d3180000)
 Metaspace       used 69270K, committed 70272K, reserved 1114112K
  class space    used 7222K, committed 7680K, reserved 1048576K
GC Heap History (20 events):
Event: 75,770 GC heap after
{Heap after GC invocations=399 (full 15):
 PSYoungGen      total 18432K, used 4096K [0x00000000eab00000, 0x00000000ecf80000, 0x0000000100000000)
  eden space 14336K, 0% used [0x00000000eab00000,0x00000000eab00000,0x00000000eb900000)
  from space 4096K, 100% used [0x00000000eb900000,0x00000000ebd00000,0x00000000ebd00000)
  to   space 10752K, 0% used [0x00000000ec500000,0x00000000ec500000,0x00000000ecf80000)
 ParOldGen       total 266240K, used 243305K [0x00000000c0000000, 0x00000000d0400000, 0x00000000eab00000)
  object space 266240K, 91% used [0x00000000c0000000,0x00000000ced9a6f0,0x00000000d0400000)
 Metaspace       used 69017K, committed 70016K, reserved 1114112K
  class space    used 7216K, committed 7680K, reserved 1048576K
}
Event: 75,941 GC heap before
{Heap before GC invocations=400 (full 15):
 PSYoungGen      total 18432K, used 18351K [0x00000000eab00000, 0x00000000ecf80000, 0x0000000100000000)
  eden space 14336K, 99% used [0x00000000eab00000,0x00000000eb8ebdf8,0x00000000eb900000)
  from space 4096K, 100% used [0x00000000eb900000,0x00000000ebd00000,0x00000000ebd00000)
  to   space 10752K, 0% used [0x00000000ec500000,0x00000000ec500000,0x00000000ecf80000)
 ParOldGen       total 266240K, used 243305K [0x00000000c0000000, 0x00000000d0400000, 0x00000000eab00000)
  object space 266240K, 91% used [0x00000000c0000000,0x00000000ced9a6f0,0x00000000d0400000)
 Metaspace       used 69093K, committed 70080K, reserved 1114112K
  class space    used 7216K, committed 7680K, reserved 1048576K
}
Event: 75,956 GC heap after
{Heap after GC invocations=400 (full 15):
 PSYoungGen      total 20480K, used 4424K [0x00000000eab00000, 0x00000000ec980000, 0x0000000100000000)
  eden space 15872K, 0% used [0x00000000eab00000,0x00000000eab00000,0x00000000eba80000)
  from space 4608K, 96% used [0x00000000ec500000,0x00000000ec952370,0x00000000ec980000)
  to   space 6656K, 0% used [0x00000000ebc80000,0x00000000ebc80000,0x00000000ec300000)
 ParOldGen       total 266240K, used 247345K [0x00000000c0000000, 0x00000000d0400000, 0x00000000eab00000)
  object space 266240K, 92% used [0x00000000c0000000,0x00000000cf18c6f0,0x00000000d0400000)
 Metaspace       used 69093K, committed 70080K, reserved 1114112K
  class space    used 7216K, committed 7680K, reserved 1048576K
}
Event: 76,016 GC heap before
{Heap before GC invocations=401 (full 15):
 PSYoungGen      total 20480K, used 18879K [0x00000000eab00000, 0x00000000ec980000, 0x0000000100000000)
  eden space 15872K, 91% used [0x00000000eab00000,0x00000000eb91d8b0,0x00000000eba80000)
  from space 4608K, 96% used [0x00000000ec500000,0x00000000ec952370,0x00000000ec980000)
  to   space 6656K, 0% used [0x00000000ebc80000,0x00000000ebc80000,0x00000000ec300000)
 ParOldGen       total 266240K, used 247345K [0x00000000c0000000, 0x00000000d0400000, 0x00000000eab00000)
  object space 266240K, 92% used [0x00000000c0000000,0x00000000cf18c6f0,0x00000000d0400000)
 Metaspace       used 69105K, committed 70144K, reserved 1114112K
  class space    used 7219K, committed 7680K, reserved 1048576K
}
Event: 76,028 GC heap after
{Heap after GC invocations=401 (full 15):
 PSYoungGen      total 19968K, used 1644K [0x00000000eab00000, 0x00000000ec580000, 0x0000000100000000)
  eden space 17920K, 0% used [0x00000000eab00000,0x00000000eab00000,0x00000000ebc80000)
  from space 2048K, 80% used [0x00000000ebc80000,0x00000000ebe1b008,0x00000000ebe80000)
  to   space 3072K, 0% used [0x00000000ec280000,0x00000000ec280000,0x00000000ec580000)
 ParOldGen       total 266240K, used 250041K [0x00000000c0000000, 0x00000000d0400000, 0x00000000eab00000)
  object space 266240K, 93% used [0x00000000c0000000,0x00000000cf42e568,0x00000000d0400000)
 Metaspace       used 69105K, committed 70144K, reserved 1114112K
  class space    used 7219K, committed 7680K, reserved 1048576K
}
Event: 76,143 GC heap before
{Heap before GC invocations=402 (full 15):
 PSYoungGen      total 19968K, used 19564K [0x00000000eab00000, 0x00000000ec580000, 0x0000000100000000)
  eden space 17920K, 100% used [0x00000000eab00000,0x00000000ebc80000,0x00000000ebc80000)
  from space 2048K, 80% used [0x00000000ebc80000,0x00000000ebe1b008,0x00000000ebe80000)
  to   space 3072K, 0% used [0x00000000ec280000,0x00000000ec280000,0x00000000ec580000)
 ParOldGen       total 266240K, used 250041K [0x00000000c0000000, 0x00000000d0400000, 0x00000000eab00000)
  object space 266240K, 93% used [0x00000000c0000000,0x00000000cf42e568,0x00000000d0400000)
 Metaspace       used 69134K, committed 70144K, reserved 1114112K
  class space    used 7219K, committed 7680K, reserved 1048576K
}
Event: 76,151 GC heap after
{Heap after GC invocations=402 (full 15):
 PSYoungGen      total 21504K, used 1298K [0x00000000eab00000, 0x00000000ec400000, 0x0000000100000000)
  eden space 19968K, 0% used [0x00000000eab00000,0x00000000eab00000,0x00000000ebe80000)
  from space 1536K, 84% used [0x00000000ec280000,0x00000000ec3c4808,0x00000000ec400000)
  to   space 2048K, 0% used [0x00000000ec000000,0x00000000ec000000,0x00000000ec200000)
 ParOldGen       total 266240K, used 251456K [0x00000000c0000000, 0x00000000d0400000, 0x00000000eab00000)
  object space 266240K, 94% used [0x00000000c0000000,0x00000000cf590388,0x00000000d0400000)
 Metaspace       used 69134K, committed 70144K, reserved 1114112K
  class space    used 7219K, committed 7680K, reserved 1048576K
}
Event: 76,402 GC heap before
{Heap before GC invocations=403 (full 15):
 PSYoungGen      total 21504K, used 21266K [0x00000000eab00000, 0x00000000ec400000, 0x0000000100000000)
  eden space 19968K, 100% used [0x00000000eab00000,0x00000000ebe80000,0x00000000ebe80000)
  from space 1536K, 84% used [0x00000000ec280000,0x00000000ec3c4808,0x00000000ec400000)
  to   space 2048K, 0% used [0x00000000ec000000,0x00000000ec000000,0x00000000ec200000)
 ParOldGen       total 266240K, used 251456K [0x00000000c0000000, 0x00000000d0400000, 0x00000000eab00000)
  object space 266240K, 94% used [0x00000000c0000000,0x00000000cf590388,0x00000000d0400000)
 Metaspace       used 69176K, committed 70208K, reserved 1114112K
  class space    used 7219K, committed 7680K, reserved 1048576K
}
Event: 76,412 GC heap after
{Heap after GC invocations=403 (full 15):
 PSYoungGen      total 23552K, used 2048K [0x00000000eab00000, 0x00000000ece80000, 0x0000000100000000)
  eden space 21504K, 0% used [0x00000000eab00000,0x00000000eab00000,0x00000000ec000000)
  from space 2048K, 100% used [0x00000000ec000000,0x00000000ec200000,0x00000000ec200000)
  to   space 7168K, 0% used [0x00000000ec780000,0x00000000ec780000,0x00000000ece80000)
 ParOldGen       total 266240K, used 255474K [0x00000000c0000000, 0x00000000d0400000, 0x00000000eab00000)
  object space 266240K, 95% used [0x00000000c0000000,0x00000000cf97ca40,0x00000000d0400000)
 Metaspace       used 69176K, committed 70208K, reserved 1114112K
  class space    used 7219K, committed 7680K, reserved 1048576K
}
Event: 76,578 GC heap before
{Heap before GC invocations=404 (full 15):
 PSYoungGen      total 23552K, used 23552K [0x00000000eab00000, 0x00000000ece80000, 0x0000000100000000)
  eden space 21504K, 100% used [0x00000000eab00000,0x00000000ec000000,0x00000000ec000000)
  from space 2048K, 100% used [0x00000000ec000000,0x00000000ec200000,0x00000000ec200000)
  to   space 7168K, 0% used [0x00000000ec780000,0x00000000ec780000,0x00000000ece80000)
 ParOldGen       total 266240K, used 255474K [0x00000000c0000000, 0x00000000d0400000, 0x00000000eab00000)
  object space 266240K, 95% used [0x00000000c0000000,0x00000000cf97ca40,0x00000000d0400000)
 Metaspace       used 69251K, committed 70272K, reserved 1114112K
  class space    used 7219K, committed 7680K, reserved 1048576K
}
Event: 76,594 GC heap after
{Heap after GC invocations=404 (full 15):
 PSYoungGen      total 25600K, used 7161K [0x00000000eab00000, 0x00000000ed700000, 0x0000000100000000)
  eden space 18432K, 0% used [0x00000000eab00000,0x00000000eab00000,0x00000000ebd00000)
  from space 7168K, 99% used [0x00000000ec780000,0x00000000ece7e508,0x00000000ece80000)
  to   space 10752K, 0% used [0x00000000ebd00000,0x00000000ebd00000,0x00000000ec780000)
 ParOldGen       total 266240K, used 258123K [0x00000000c0000000, 0x00000000d0400000, 0x00000000eab00000)
  object space 266240K, 96% used [0x00000000c0000000,0x00000000cfc12ee0,0x00000000d0400000)
 Metaspace       used 69251K, committed 70272K, reserved 1114112K
  class space    used 7219K, committed 7680K, reserved 1048576K
}
Event: 76,795 GC heap before
{Heap before GC invocations=405 (full 15):
 PSYoungGen      total 25600K, used 25593K [0x00000000eab00000, 0x00000000ed700000, 0x0000000100000000)
  eden space 18432K, 100% used [0x00000000eab00000,0x00000000ebd00000,0x00000000ebd00000)
  from space 7168K, 99% used [0x00000000ec780000,0x00000000ece7e508,0x00000000ece80000)
  to   space 10752K, 0% used [0x00000000ebd00000,0x00000000ebd00000,0x00000000ec780000)
 ParOldGen       total 266240K, used 258123K [0x00000000c0000000, 0x00000000d0400000, 0x00000000eab00000)
  object space 266240K, 96% used [0x00000000c0000000,0x00000000cfc12ee0,0x00000000d0400000)
 Metaspace       used 69268K, committed 70272K, reserved 1114112K
  class space    used 7222K, committed 7680K, reserved 1048576K
}
Event: 76,815 GC heap after
{Heap after GC invocations=405 (full 15):
 PSYoungGen      total 25600K, used 7153K [0x00000000eab00000, 0x00000000ecf00000, 0x0000000100000000)
  eden space 18432K, 0% used [0x00000000eab00000,0x00000000eab00000,0x00000000ebd00000)
  from space 7168K, 99% used [0x00000000ebd00000,0x00000000ec3fc410,0x00000000ec400000)
  to   space 8192K, 0% used [0x00000000ec700000,0x00000000ec700000,0x00000000ecf00000)
 ParOldGen       total 266240K, used 263989K [0x00000000c0000000, 0x00000000d0400000, 0x00000000eab00000)
  object space 266240K, 99% used [0x00000000c0000000,0x00000000d01cd610,0x00000000d0400000)
 Metaspace       used 69268K, committed 70272K, reserved 1114112K
  class space    used 7222K, committed 7680K, reserved 1048576K
}
Event: 76,815 GC heap before
{Heap before GC invocations=406 (full 16):
 PSYoungGen      total 25600K, used 7153K [0x00000000eab00000, 0x00000000ecf00000, 0x0000000100000000)
  eden space 18432K, 0% used [0x00000000eab00000,0x00000000eab00000,0x00000000ebd00000)
  from space 7168K, 99% used [0x00000000ebd00000,0x00000000ec3fc410,0x00000000ec400000)
  to   space 8192K, 0% used [0x00000000ec700000,0x00000000ec700000,0x00000000ecf00000)
 ParOldGen       total 266240K, used 263989K [0x00000000c0000000, 0x00000000d0400000, 0x00000000eab00000)
  object space 266240K, 99% used [0x00000000c0000000,0x00000000d01cd610,0x00000000d0400000)
 Metaspace       used 69268K, committed 70272K, reserved 1114112K
  class space    used 7222K, committed 7680K, reserved 1048576K
}
Event: 77,378 GC heap after
{Heap after GC invocations=406 (full 16):
 PSYoungGen      total 28672K, used 0K [0x00000000eab00000, 0x00000000ecf00000, 0x0000000100000000)
  eden space 20480K, 0% used [0x00000000eab00000,0x00000000eab00000,0x00000000ebf00000)
  from space 8192K, 0% used [0x00000000ec700000,0x00000000ec700000,0x00000000ecf00000)
  to   space 8192K, 0% used [0x00000000ebf00000,0x00000000ebf00000,0x00000000ec700000)
 ParOldGen       total 312832K, used 239963K [0x00000000c0000000, 0x00000000d3180000, 0x00000000eab00000)
  object space 312832K, 76% used [0x00000000c0000000,0x00000000cea56c80,0x00000000d3180000)
 Metaspace       used 69268K, committed 70272K, reserved 1114112K
  class space    used 7222K, committed 7680K, reserved 1048576K
}
Event: 77,762 GC heap before
{Heap before GC invocations=407 (full 16):
 PSYoungGen      total 28672K, used 20480K [0x00000000eab00000, 0x00000000ecf00000, 0x0000000100000000)
  eden space 20480K, 100% used [0x00000000eab00000,0x00000000ebf00000,0x00000000ebf00000)
  from space 8192K, 0% used [0x00000000ec700000,0x00000000ec700000,0x00000000ecf00000)
  to   space 8192K, 0% used [0x00000000ebf00000,0x00000000ebf00000,0x00000000ec700000)
 ParOldGen       total 312832K, used 239963K [0x00000000c0000000, 0x00000000d3180000, 0x00000000eab00000)
  object space 312832K, 76% used [0x00000000c0000000,0x00000000cea56c80,0x00000000d3180000)
 Metaspace       used 69270K, committed 70272K, reserved 1114112K
  class space    used 7222K, committed 7680K, reserved 1048576K
}
Event: 77,772 GC heap after
{Heap after GC invocations=407 (full 16):
 PSYoungGen      total 28672K, used 6036K [0x00000000eab00000, 0x00000000ecd80000, 0x0000000100000000)
  eden space 20480K, 0% used [0x00000000eab00000,0x00000000eab00000,0x00000000ebf00000)
  from space 8192K, 73% used [0x00000000ebf00000,0x00000000ec4e5290,0x00000000ec700000)
  to   space 6656K, 0% used [0x00000000ec700000,0x00000000ec700000,0x00000000ecd80000)
 ParOldGen       total 312832K, used 239963K [0x00000000c0000000, 0x00000000d3180000, 0x00000000eab00000)
  object space 312832K, 76% used [0x00000000c0000000,0x00000000cea56c80,0x00000000d3180000)
 Metaspace       used 69270K, committed 70272K, reserved 1114112K
  class space    used 7222K, committed 7680K, reserved 1048576K
}
Event: 78,110 GC heap before
{Heap before GC invocations=408 (full 16):
 PSYoungGen      total 28672K, used 26516K [0x00000000eab00000, 0x00000000ecd80000, 0x0000000100000000)
  eden space 20480K, 100% used [0x00000000eab00000,0x00000000ebf00000,0x00000000ebf00000)
  from space 8192K, 73% used [0x00000000ebf00000,0x00000000ec4e5290,0x00000000ec700000)
  to   space 6656K, 0% used [0x00000000ec700000,0x00000000ec700000,0x00000000ecd80000)
 ParOldGen       total 312832K, used 239963K [0x00000000c0000000, 0x00000000d3180000, 0x00000000eab00000)
  object space 312832K, 76% used [0x00000000c0000000,0x00000000cea56c80,0x00000000d3180000)
 Metaspace       used 69270K, committed 70272K, reserved 1114112K
  class space    used 7222K, committed 7680K, reserved 1048576K
}
Event: 78,133 GC heap after
{Heap after GC invocations=408 (full 16):
 PSYoungGen      total 25600K, used 6634K [0x00000000eab00000, 0x00000000ed380000, 0x0000000100000000)
  eden space 18944K, 0% used [0x00000000eab00000,0x00000000eab00000,0x00000000ebd80000)
  from space 6656K, 99% used [0x00000000ec700000,0x00000000ecd7ab40,0x00000000ecd80000)
  to   space 9728K, 0% used [0x00000000ebd80000,0x00000000ebd80000,0x00000000ec700000)
 ParOldGen       total 312832K, used 242339K [0x00000000c0000000, 0x00000000d3180000, 0x00000000eab00000)
  object space 312832K, 77% used [0x00000000c0000000,0x00000000ceca8c80,0x00000000d3180000)
 Metaspace       used 69270K, committed 70272K, reserved 1114112K
  class space    used 7222K, committed 7680K, reserved 1048576K
}
Event: 78,301 GC heap before
{Heap before GC invocations=409 (full 16):
 PSYoungGen      total 25600K, used 25578K [0x00000000eab00000, 0x00000000ed380000, 0x0000000100000000)
  eden space 18944K, 100% used [0x00000000eab00000,0x00000000ebd80000,0x00000000ebd80000)
  from space 6656K, 99% used [0x00000000ec700000,0x00000000ecd7ab40,0x00000000ecd80000)
  to   space 9728K, 0% used [0x00000000ebd80000,0x00000000ebd80000,0x00000000ec700000)
 ParOldGen       total 312832K, used 242339K [0x00000000c0000000, 0x00000000d3180000, 0x00000000eab00000)
  object space 312832K, 77% used [0x00000000c0000000,0x00000000ceca8c80,0x00000000d3180000)
 Metaspace       used 69270K, committed 70272K, reserved 1114112K
  class space    used 7222K, committed 7680K, reserved 1048576K
}

